<?xml version="1.0" encoding="UTF-8"?>
<!-- Generated by org.testng.reporters.JUnitReportReporter -->
<testsuite hostname="DESKTOP-N4OFCKJ" failures="0" tests="2" name="testScript.Practice" time="0.006" errors="0" timestamp="2023-03-22T01:32:48 IST" skipped="0">
  <testcase classname="testScript.Practice" name="demo" time="0.004"/>
  <system-out/>
  <testcase classname="testScript.Practice" name="demo2" time="0.002"/>
  <system-out/>
</testsuite> <!-- testScript.Practice -->
