<?xml version="1.0" encoding="UTF-8"?>
<!-- Generated by org.testng.reporters.JUnitReportReporter -->
<testsuite hostname="DESKTOP-N4OFCKJ" failures="0" tests="1" name="testScript.Practice" time="0.005" errors="0" timestamp="2023-03-21T13:29:09 IST" skipped="0">
  <testcase classname="testScript.Practice" name="demo" time="0.005"/>
  <system-out/>
</testsuite> <!-- testScript.Practice -->
